{"uuid":"2ba769ef-c287-459a-a208-5b707d91635f","name":"C:/Users/kalam/IdeaProjects/BookswagonAutomationProgram/src/test/java/com/bridgelabz/bookswagon/BooksWagonTest.java","children":["079b9743-238a-46c3-becd-8df4e9c6bdde","8f8df1e2-5a08-4de8-982a-e61fd792f0e5","9e3d5953-bf43-4fba-b60b-f867073aac13","eb145514-a9e8-4013-88a0-b4a9b769dfd9"],"befores":[{"name":"setUp","status":"passed","stage":"finished","description":"","steps":[],"attachments":[],"parameters":[],"start":1624881099107,"stop":1624881124994}],"afters":[{"name":"tearDown","status":"broken","statusDetails":{"known":false,"muted":false,"flaky":false,"message":"javax.mail.AuthenticationFailedException: 535-5.7.8 Username and Password not accepted. Learn more at\n535 5.7.8  https://support.google.com/mail/?p=BadCredentials v9sm15224592pgq.54 - gsmtp\n","trace":"java.lang.RuntimeException: javax.mail.AuthenticationFailedException: 535-5.7.8 Username and Password not accepted. Learn more at\n535 5.7.8  https://support.google.com/mail/?p=BadCredentials v9sm15224592pgq.54 - gsmtp\n\r\n\tat com.bridgelabz.bookswagon.utility.Email.sendEmail(Email.java:96)\r\n\tat com.bridgelabz.bookswagon.base.Base.tearDown(Base.java:62)\r\n\tat sun.reflect.NativeMethodAccessorImpl.invoke0(Native Method)\r\n\tat sun.reflect.NativeMethodAccessorImpl.invoke(NativeMethodAccessorImpl.java:62)\r\n\tat sun.reflect.DelegatingMethodAccessorImpl.invoke(DelegatingMethodAccessorImpl.java:43)\r\n\tat java.lang.reflect.Method.invoke(Method.java:498)\r\n\tat org.testng.internal.MethodInvocationHelper.invokeMethod(MethodInvocationHelper.java:134)\r\n\tat org.testng.internal.MethodInvocationHelper.invokeMethodConsideringTimeout(MethodInvocationHelper.java:63)\r\n\tat org.testng.internal.ConfigInvoker.invokeConfigurationMethod(ConfigInvoker.java:348)\r\n\tat org.testng.internal.ConfigInvoker.invokeConfigurations(ConfigInvoker.java:302)\r\n\tat org.testng.TestRunner.invokeTestConfigurations(TestRunner.java:619)\r\n\tat org.testng.TestRunner.afterRun(TestRunner.java:849)\r\n\tat org.testng.TestRunner.run(TestRunner.java:590)\r\n\tat org.testng.SuiteRunner.runTest(SuiteRunner.java:384)\r\n\tat org.testng.SuiteRunner.runSequentially(SuiteRunner.java:378)\r\n\tat org.testng.SuiteRunner.privateRun(SuiteRunner.java:337)\r\n\tat org.testng.SuiteRunner.run(SuiteRunner.java:286)\r\n\tat org.testng.SuiteRunnerWorker.runSuite(SuiteRunnerWorker.java:53)\r\n\tat org.testng.SuiteRunnerWorker.run(SuiteRunnerWorker.java:96)\r\n\tat org.testng.TestNG.runSuitesSequentially(TestNG.java:1187)\r\n\tat org.testng.TestNG.runSuitesLocally(TestNG.java:1109)\r\n\tat org.testng.TestNG.runSuites(TestNG.java:1039)\r\n\tat org.testng.TestNG.run(TestNG.java:1007)\r\n\tat com.intellij.rt.testng.IDEARemoteTestNG.run(IDEARemoteTestNG.java:66)\r\n\tat com.intellij.rt.testng.RemoteTestNGStarter.main(RemoteTestNGStarter.java:109)\r\nCaused by: javax.mail.AuthenticationFailedException: 535-5.7.8 Username and Password not accepted. Learn more at\n535 5.7.8  https://support.google.com/mail/?p=BadCredentials v9sm15224592pgq.54 - gsmtp\n\r\n\tat com.sun.mail.smtp.SMTPTransport$Authenticator.authenticate(SMTPTransport.java:965)\r\n\tat com.sun.mail.smtp.SMTPTransport.authenticate(SMTPTransport.java:876)\r\n\tat com.sun.mail.smtp.SMTPTransport.protocolConnect(SMTPTransport.java:780)\r\n\tat javax.mail.Service.connect(Service.java:388)\r\n\tat javax.mail.Service.connect(Service.java:246)\r\n\tat javax.mail.Service.connect(Service.java:195)\r\n\tat javax.mail.Transport.send0(Transport.java:254)\r\n\tat javax.mail.Transport.send(Transport.java:124)\r\n\tat com.bridgelabz.bookswagon.utility.Email.sendEmail(Email.java:91)\r\n\t... 24 more\r\n"},"stage":"finished","description":"","steps":[],"attachments":[],"parameters":[],"start":1624881164897,"stop":1624881167352}],"links":[],"start":1624881099051,"stop":1624881167459}