{"name":"tearDown","status":"broken","statusDetails":{"known":false,"muted":false,"flaky":false,"message":"javax.mail.AuthenticationFailedException: 534-5.7.14 <https://accounts.google.com/signin/continue?sarp=1&scc=1&plt=AKgnsbv\n534-5.7.14 ZARv-QywcySPnkQld0yY6r4YuRaYuSurI_HJ11euDWwD2nHgmx9nagEn0Z3NpRG2LAFdt\n534-5.7.14 SaIlkVtjn0zLmdTmWbDyK4CbyxCxxrR_sLkvNHWr73aSBCxIrn8P-KvR-4n0-jGb>\n534-5.7.14 Please log in via your web browser and then try again.\n534-5.7.14  Learn more at\n534 5.7.14  https://support.google.com/mail/answer/78754 j2sm20968866pfb.53 - gsmtp\n","trace":"java.lang.RuntimeException: javax.mail.AuthenticationFailedException: 534-5.7.14 <https://accounts.google.com/signin/continue?sarp=1&scc=1&plt=AKgnsbv\n534-5.7.14 ZARv-QywcySPnkQld0yY6r4YuRaYuSurI_HJ11euDWwD2nHgmx9nagEn0Z3NpRG2LAFdt\n534-5.7.14 SaIlkVtjn0zLmdTmWbDyK4CbyxCxxrR_sLkvNHWr73aSBCxIrn8P-KvR-4n0-jGb>\n534-5.7.14 Please log in via your web browser and then try again.\n534-5.7.14  Learn more at\n534 5.7.14  https://support.google.com/mail/answer/78754 j2sm20968866pfb.53 - gsmtp\n\r\n\tat com.bridgelabz.bookswagon.utility.Email.sendEmail(Email.java:96)\r\n\tat com.bridgelabz.bookswagon.base.Base.tearDown(Base.java:62)\r\n\tat sun.reflect.NativeMethodAccessorImpl.invoke0(Native Method)\r\n\tat sun.reflect.NativeMethodAccessorImpl.invoke(NativeMethodAccessorImpl.java:62)\r\n\tat sun.reflect.DelegatingMethodAccessorImpl.invoke(DelegatingMethodAccessorImpl.java:43)\r\n\tat java.lang.reflect.Method.invoke(Method.java:498)\r\n\tat org.testng.internal.MethodInvocationHelper.invokeMethod(MethodInvocationHelper.java:134)\r\n\tat org.testng.internal.MethodInvocationHelper.invokeMethodConsideringTimeout(MethodInvocationHelper.java:63)\r\n\tat org.testng.internal.ConfigInvoker.invokeConfigurationMethod(ConfigInvoker.java:348)\r\n\tat org.testng.internal.ConfigInvoker.invokeConfigurations(ConfigInvoker.java:302)\r\n\tat org.testng.TestRunner.invokeTestConfigurations(TestRunner.java:619)\r\n\tat org.testng.TestRunner.afterRun(TestRunner.java:849)\r\n\tat org.testng.TestRunner.run(TestRunner.java:590)\r\n\tat org.testng.SuiteRunner.runTest(SuiteRunner.java:384)\r\n\tat org.testng.SuiteRunner.runSequentially(SuiteRunner.java:378)\r\n\tat org.testng.SuiteRunner.privateRun(SuiteRunner.java:337)\r\n\tat org.testng.SuiteRunner.run(SuiteRunner.java:286)\r\n\tat org.testng.SuiteRunnerWorker.runSuite(SuiteRunnerWorker.java:53)\r\n\tat org.testng.SuiteRunnerWorker.run(SuiteRunnerWorker.java:96)\r\n\tat org.testng.TestNG.runSuitesSequentially(TestNG.java:1187)\r\n\tat org.testng.TestNG.runSuitesLocally(TestNG.java:1109)\r\n\tat org.testng.TestNG.runSuites(TestNG.java:1039)\r\n\tat org.testng.TestNG.run(TestNG.java:1007)\r\n\tat com.intellij.rt.testng.IDEARemoteTestNG.run(IDEARemoteTestNG.java:66)\r\n\tat com.intellij.rt.testng.RemoteTestNGStarter.main(RemoteTestNGStarter.java:109)\r\nCaused by: javax.mail.AuthenticationFailedException: 534-5.7.14 <https://accounts.google.com/signin/continue?sarp=1&scc=1&plt=AKgnsbv\n534-5.7.14 ZARv-QywcySPnkQld0yY6r4YuRaYuSurI_HJ11euDWwD2nHgmx9nagEn0Z3NpRG2LAFdt\n534-5.7.14 SaIlkVtjn0zLmdTmWbDyK4CbyxCxxrR_sLkvNHWr73aSBCxIrn8P-KvR-4n0-jGb>\n534-5.7.14 Please log in via your web browser and then try again.\n534-5.7.14  Learn more at\n534 5.7.14  https://support.google.com/mail/answer/78754 j2sm20968866pfb.53 - gsmtp\n\r\n\tat com.sun.mail.smtp.SMTPTransport$Authenticator.authenticate(SMTPTransport.java:965)\r\n\tat com.sun.mail.smtp.SMTPTransport.authenticate(SMTPTransport.java:876)\r\n\tat com.sun.mail.smtp.SMTPTransport.protocolConnect(SMTPTransport.java:780)\r\n\tat javax.mail.Service.connect(Service.java:388)\r\n\tat javax.mail.Service.connect(Service.java:246)\r\n\tat javax.mail.Service.connect(Service.java:195)\r\n\tat javax.mail.Transport.send0(Transport.java:254)\r\n\tat javax.mail.Transport.send(Transport.java:124)\r\n\tat com.bridgelabz.bookswagon.utility.Email.sendEmail(Email.java:91)\r\n\t... 24 more\r\n"},"stage":"finished","steps":[],"attachments":[],"parameters":[{"name":"browserName","value":"chrome"}],"start":1625046218867,"stop":1625046218867,"uuid":"ac21e33f-215e-4d1f-9ab4-1703cfceee2e","historyId":"914190bc911a689036f87308e1340cf7","fullName":"com.bridgelabz.bookswagon.base.Base.tearDown","labels":[{"name":"package","value":"com.bridgelabz.bookswagon.BooksNotInStalkTest"},{"name":"testClass","value":"com.bridgelabz.bookswagon.BooksNotInStalkTest"},{"name":"testMethod","value":"tearDown"},{"name":"parentSuite","value":"All Test Suite"},{"name":"suite","value":"C:/Users/kalam/IdeaProjects/BookswagonAutomationProgram/src/test/java/com/bridgelabz/bookswagon/BooksNotInStalkTest.java"},{"name":"subSuite","value":"com.bridgelabz.bookswagon.BooksNotInStalkTest"},{"name":"host","value":"LAPTOP-VA1S61KV"},{"name":"thread","value":"12908@LAPTOP-VA1S61KV.main(1)"},{"name":"framework","value":"testng"},{"name":"language","value":"java"},{"name":"AS_ID","value":"-1"}],"links":[]}